
> ossified-osiris@0.0.1 dev
> astro dev

[vite] connected.
16:20:23 [types] Generated 1ms
[vite] connected.
16:20:24 [content] Syncing content
16:20:25 [content] Synced content
16:20:25 [vite] Re-optimizing dependencies because vite config has changed
 astro  v6.3.1 ready in 3979 ms
┃ Local    http://localhost:4321/
┃ Network  use --host to expose
16:20:25 watching for file changes...
16:22:52 [200] / 147ms
16:24:28 [200] / 15ms
16:24:30 [200] /about 47ms
16:24:31 [200] /news 46ms
16:28:19 [watch] /src/styles/global.css
[vite] program reload
[vite] An error happened during full reload
Failed to load url astro:server-app.js (resolved id: astro:server-app.js). Does the file exist?
Error: Failed to load url astro:server-app.js (resolved id: astro:server-app.js). Does the file exist?
    at loadAndTransform (file:///app/node_modules/vite/dist/node/chunks/config.js:22679:33)
16:29:27 Configuration file updated. Restarting...
[vite] program reload
[vite] connected.
16:29:28 [vite] Re-optimizing dependencies because lockfile has changed
16:29:28 [vite] server restarted.
[vite] connected.
17:04:32 Configuration file updated. Restarting...
[vite] connected.
17:04:38 [vite] Re-optimizing dependencies because vite config has changed
17:04:38 [vite] server restarted.
[vite] connected.
17:07:44 [watch] public/admin/index.html
17:13:10 [watch] public/admin/index.html
